Arguments: 
  /usr/bin/node /usr/share/yarn/bin/yarn.js add express

PATH: 
  /home/thiagod/.zinit/polaris/bin:/usr/local/lib/node_modules/bower/bin:/usr/local/sbin:/usr/local/bin:/usr/sbin:/usr/bin:/sbin:/bin:/usr/games:/usr/local/games:/snap/bin:/home/thiagod/Documentos/projetos/Android/Sdk/tools:/home/thiagod/Documentos/projetos/Android/Sdk/platform-tools:/home/thiagod/Documentos/projetos/studio/android-studio/bin

Yarn version: 
  1.22.4

Node version: 
  12.16.2

Platform: 
  linux x64

Trace: 
  Error: getaddrinfo EAI_AGAIN verdaccio.virtualcart.app
      at GetAddrInfoReqWrap.onlookup [as oncomplete] (dns.js:64:26)

npm manifest: 
  {
    "name": "back",
    "version": "1.0.0",
    "main": "index.js",
    "license": "MIT"
  }

yarn manifest: 
  No manifest

Lockfile: 
  No lockfile
